0 info it worked if it ends with ok
1 verbose cli [ '/home/ubuntu/.nvm/v0.10.35/bin/node',
1 verbose cli   '/home/ubuntu/.nvm/v0.10.35/bin/npm',
1 verbose cli   'publish' ]
2 info using npm@1.4.28
3 info using node@v0.10.35
4 verbose publish [ '.' ]
5 verbose cache add [ '.', null ]
6 verbose cache add name=undefined spec="." args=[".",null]
7 verbose parsed url { protocol: null,
7 verbose parsed url   slashes: null,
7 verbose parsed url   auth: null,
7 verbose parsed url   host: null,
7 verbose parsed url   port: null,
7 verbose parsed url   hostname: null,
7 verbose parsed url   hash: null,
7 verbose parsed url   search: null,
7 verbose parsed url   query: null,
7 verbose parsed url   pathname: '.',
7 verbose parsed url   path: '.',
7 verbose parsed url   href: '.' }
8 silly lockFile 3a52ce78- .
9 verbose lock . /home/ubuntu/.npm/3a52ce78-.lock
10 verbose tar pack [ '/home/ubuntu/.npm/test-shoppingList/1.0.0/package.tgz', '.' ]
11 verbose tarball /home/ubuntu/.npm/test-shoppingList/1.0.0/package.tgz
12 verbose folder .
13 info prepublish test-shoppingList@1.0.0
14 silly lockFile 1f1177db-tar tar://.
15 verbose lock tar://. /home/ubuntu/.npm/1f1177db-tar.lock
16 silly lockFile bd103867-t-shoppingList-1-0-0-package-tgz tar:///home/ubuntu/.npm/test-shoppingList/1.0.0/package.tgz
17 verbose lock tar:///home/ubuntu/.npm/test-shoppingList/1.0.0/package.tgz /home/ubuntu/.npm/bd103867-t-shoppingList-1-0-0-package-tgz.lock
18 silly lockFile 1f1177db-tar tar://.
19 silly lockFile 1f1177db-tar tar://.
20 silly lockFile bd103867-t-shoppingList-1-0-0-package-tgz tar:///home/ubuntu/.npm/test-shoppingList/1.0.0/package.tgz
21 silly lockFile bd103867-t-shoppingList-1-0-0-package-tgz tar:///home/ubuntu/.npm/test-shoppingList/1.0.0/package.tgz
22 silly lockFile cf6ca07f--test-shoppingList-1-0-0-package /home/ubuntu/.npm/test-shoppingList/1.0.0/package
23 verbose lock /home/ubuntu/.npm/test-shoppingList/1.0.0/package /home/ubuntu/.npm/cf6ca07f--test-shoppingList-1-0-0-package.lock
24 silly lockFile cf6ca07f--test-shoppingList-1-0-0-package /home/ubuntu/.npm/test-shoppingList/1.0.0/package
25 silly lockFile cf6ca07f--test-shoppingList-1-0-0-package /home/ubuntu/.npm/test-shoppingList/1.0.0/package
26 silly lockFile 3a52ce78- .
27 silly lockFile 3a52ce78- .
28 silly publish { name: 'test-shoppingList',
28 silly publish   version: '1.0.0',
28 silly publish   description: '',
28 silly publish   main: 'index.js',
28 silly publish   scripts: { test: 'node test.js' },
28 silly publish   author: '',
28 silly publish   license: 'ISC',
28 silly publish   readme: 'ERROR: No README data found!',
28 silly publish   _id: 'test-shoppingList@1.0.0',
28 silly publish   _shasum: 'bc22c3ec014bee90934729a04c40a4065793cde9',
28 silly publish   _from: '.' }
29 verbose request where is /test-shoppingList
30 verbose request registry https://registry.npmjs.org/
31 verbose request id 38273184314d34e0
32 verbose url raw /test-shoppingList
33 verbose url resolving [ 'https://registry.npmjs.org/', './test-shoppingList' ]
34 verbose url resolved https://registry.npmjs.org/test-shoppingList
35 verbose request where is https://registry.npmjs.org/test-shoppingList
36 info trying registry request attempt 1 at 18:10:41
37 http PUT https://registry.npmjs.org/test-shoppingList
38 http 403 https://registry.npmjs.org/test-shoppingList
39 verbose headers { date: 'Wed, 04 Mar 2015 18:10:42 GMT',
39 verbose headers   server: 'CouchDB/1.5.0 (Erlang OTP/R16B03)',
39 verbose headers   'content-type': 'application/json',
39 verbose headers   'cache-control': 'max-age=60',
39 verbose headers   'content-length': '76',
39 verbose headers   'accept-ranges': 'bytes',
39 verbose headers   via: '1.1 varnish',
39 verbose headers   'x-served-by': 'cache-atl6226-ATL',
39 verbose headers   'x-cache': 'MISS',
39 verbose headers   'x-cache-hits': '0',
39 verbose headers   'x-timer': 'S1425492642.126766,VS0,VE300',
39 verbose headers   'keep-alive': 'timeout=10, max=50',
39 verbose headers   connection: 'Keep-Alive' }
40 error publish Failed PUT 403
41 error Error: forbidden New packages must have all-lowercase names: test-shoppingList
41 error     at RegClient.<anonymous> (/home/ubuntu/.nvm/v0.10.35/lib/node_modules/npm/node_modules/npm-registry-client/lib/request.js:308:14)
41 error     at Request._callback (/home/ubuntu/.nvm/v0.10.35/lib/node_modules/npm/node_modules/npm-registry-client/lib/request.js:246:65)
41 error     at Request.self.callback (/home/ubuntu/.nvm/v0.10.35/lib/node_modules/npm/node_modules/request/request.js:236:22)
41 error     at Request.emit (events.js:98:17)
41 error     at Request.<anonymous> (/home/ubuntu/.nvm/v0.10.35/lib/node_modules/npm/node_modules/request/request.js:1142:14)
41 error     at Request.emit (events.js:117:20)
41 error     at IncomingMessage.<anonymous> (/home/ubuntu/.nvm/v0.10.35/lib/node_modules/npm/node_modules/request/request.js:1096:12)
41 error     at IncomingMessage.emit (events.js:117:20)
41 error     at _stream_readable.js:944:16
41 error     at process._tickCallback (node.js:442:13)
42 error If you need help, you may report this *entire* log,
42 error including the npm and node versions, at:
42 error     <http://github.com/npm/npm/issues>
43 error System Linux 3.14.13-c9
44 error command "/home/ubuntu/.nvm/v0.10.35/bin/node" "/home/ubuntu/.nvm/v0.10.35/bin/npm" "publish"
45 error cwd /home/ubuntu/workspace/Lecture 3.04/shoppingList
46 error node -v v0.10.35
47 error npm -v 1.4.28
48 verbose exit [ 1, true ]
