0 info it worked if it ends with ok
1 verbose cli [ '/home/ubuntu/.nvm/v0.10.35/bin/node',
1 verbose cli   '/home/ubuntu/.nvm/v0.10.35/bin/npm',
1 verbose cli   'publish',
1 verbose cli   './' ]
2 info using npm@1.4.28
3 info using node@v0.10.35
4 verbose publish [ './' ]
5 verbose cache add [ './', null ]
6 verbose cache add name=undefined spec="./" args=["./",null]
7 verbose parsed url { protocol: null,
7 verbose parsed url   slashes: null,
7 verbose parsed url   auth: null,
7 verbose parsed url   host: null,
7 verbose parsed url   port: null,
7 verbose parsed url   hostname: null,
7 verbose parsed url   hash: null,
7 verbose parsed url   search: null,
7 verbose parsed url   query: null,
7 verbose parsed url   pathname: './',
7 verbose parsed url   path: './',
7 verbose parsed url   href: './' }
8 silly lockFile 0ee6c175- ./
9 verbose lock ./ /home/ubuntu/.npm/0ee6c175-.lock
10 verbose tar pack [ '/home/ubuntu/.npm/calculator/0.0.1/package.tgz', './' ]
11 verbose tarball /home/ubuntu/.npm/calculator/0.0.1/package.tgz
12 verbose folder ./
13 info prepublish calculator@0.0.1
14 silly lockFile 04cb2bca-tar tar://./
15 verbose lock tar://./ /home/ubuntu/.npm/04cb2bca-tar.lock
16 silly lockFile 8a4c6c0a-npm-calculator-0-0-1-package-tgz tar:///home/ubuntu/.npm/calculator/0.0.1/package.tgz
17 verbose lock tar:///home/ubuntu/.npm/calculator/0.0.1/package.tgz /home/ubuntu/.npm/8a4c6c0a-npm-calculator-0-0-1-package-tgz.lock
18 silly lockFile 04cb2bca-tar tar://./
19 silly lockFile 04cb2bca-tar tar://./
20 silly lockFile 8a4c6c0a-npm-calculator-0-0-1-package-tgz tar:///home/ubuntu/.npm/calculator/0.0.1/package.tgz
21 silly lockFile 8a4c6c0a-npm-calculator-0-0-1-package-tgz tar:///home/ubuntu/.npm/calculator/0.0.1/package.tgz
22 silly lockFile 32f45124-ntu-npm-calculator-0-0-1-package /home/ubuntu/.npm/calculator/0.0.1/package
23 verbose lock /home/ubuntu/.npm/calculator/0.0.1/package /home/ubuntu/.npm/32f45124-ntu-npm-calculator-0-0-1-package.lock
24 silly lockFile 32f45124-ntu-npm-calculator-0-0-1-package /home/ubuntu/.npm/calculator/0.0.1/package
25 silly lockFile 32f45124-ntu-npm-calculator-0-0-1-package /home/ubuntu/.npm/calculator/0.0.1/package
26 silly lockFile 0ee6c175- ./
27 silly lockFile 0ee6c175- ./
28 silly publish { name: 'calculator',
28 silly publish   version: '0.0.1',
28 silly publish   description: 'This is a really super awesome calculator module',
28 silly publish   main: 'calc.js',
28 silly publish   scripts: { test: 'echo "Error: no test specified" && exit 1' },
28 silly publish   keywords: [ 'calculator' ],
28 silly publish   author: { name: 'John O\'Connor' },
28 silly publish   license: 'MIT',
28 silly publish   readme: 'ERROR: No README data found!',
28 silly publish   _id: 'calculator@0.0.1',
28 silly publish   _shasum: '32bd6adbfaff81aadea3632b789fbacaa7113a85',
28 silly publish   _from: './' }
29 verbose request where is /calculator
30 verbose request registry https://registry.npmjs.org/
31 verbose request id 4ea2e93265814446
32 verbose url raw /calculator
33 verbose url resolving [ 'https://registry.npmjs.org/', './calculator' ]
34 verbose url resolved https://registry.npmjs.org/calculator
35 verbose request where is https://registry.npmjs.org/calculator
36 info trying registry request attempt 1 at 17:24:16
37 http PUT https://registry.npmjs.org/calculator
38 http 403 https://registry.npmjs.org/calculator
39 verbose headers { date: 'Wed, 04 Mar 2015 17:24:17 GMT',
39 verbose headers   server: 'CouchDB/1.5.0 (Erlang OTP/R16B03)',
39 verbose headers   'content-type': 'application/json',
39 verbose headers   'cache-control': 'max-age=60',
39 verbose headers   'content-length': '1490',
39 verbose headers   'accept-ranges': 'bytes',
39 verbose headers   via: '1.1 varnish',
39 verbose headers   'x-served-by': 'cache-dfw1835-DFW',
39 verbose headers   'x-cache': 'MISS',
39 verbose headers   'x-cache-hits': '0',
39 verbose headers   'x-timer': 'S1425489856.914752,VS0,VE231',
39 verbose headers   'keep-alive': 'timeout=10, max=50',
39 verbose headers   connection: 'Keep-Alive' }
40 error publish Failed PUT 403
41 error Error: forbidden cannot modify pre-existing version: 0.0.1
41 error old={"name":"calculator","version":"0.0.1","description":"simple cli calculator","main":"cliCalc.js","scripts":{"test":"echo \"Error: no test specified\" && exit 1","start":"node cliCalc.js"},"repository":"","keywords":["calc","calculator","calculus"],"author":{"name":"saam barati","email":"saambarati1@gmail.com"},"license":"MIT","_id":"calculator@0.0.1","dist":{"shasum":"cc331a40d4b8ef601de00560685b521920c2568b","tarball":"http://registry.npmjs.org/calculator/-/calculator-0.0.1.tgz"},"maintainers":[{"name":"saamyjoon","email":"saambarati1@gmail.com"}]}
41 error new={"name":"calculator","version":"0.0.1","description":"This is a really super awesome calculator module","main":"calc.js","scripts":{"test":"echo \"Error: no test specified\" && exit 1"},"keywords":["calculator"],"author":{"name":"John O'Connor"},"license":"MIT","readme":"ERROR: No README data found!","_id":"calculator@0.0.1","_shasum":"32bd6adbfaff81aadea3632b789fbacaa7113a85","_from":"./","_npmVersion":"1.4.28","_npmUser":{"name":"sax1johno","email":"sax1johno@gmail.com"},"maintainers":[{"name":"sax1johno","email":"sax1johno@gmail.com"}],"dist":{"shasum":"32bd6adbfaff81aadea3632b789fbacaa7113a85","tarball":"http://registry.npmjs.org/calculator/-/calculator-0.0.1.tgz"}}: calculator
41 error     at RegClient.<anonymous> (/home/ubuntu/.nvm/v0.10.35/lib/node_modules/npm/node_modules/npm-registry-client/lib/request.js:308:14)
41 error     at Request._callback (/home/ubuntu/.nvm/v0.10.35/lib/node_modules/npm/node_modules/npm-registry-client/lib/request.js:246:65)
41 error     at Request.self.callback (/home/ubuntu/.nvm/v0.10.35/lib/node_modules/npm/node_modules/request/request.js:236:22)
41 error     at Request.emit (events.js:98:17)
41 error     at Request.<anonymous> (/home/ubuntu/.nvm/v0.10.35/lib/node_modules/npm/node_modules/request/request.js:1142:14)
41 error     at Request.emit (events.js:117:20)
41 error     at IncomingMessage.<anonymous> (/home/ubuntu/.nvm/v0.10.35/lib/node_modules/npm/node_modules/request/request.js:1096:12)
41 error     at IncomingMessage.emit (events.js:117:20)
41 error     at _stream_readable.js:944:16
41 error     at process._tickCallback (node.js:442:13)
42 error If you need help, you may report this *entire* log,
42 error including the npm and node versions, at:
42 error     <http://github.com/npm/npm/issues>
43 error System Linux 3.14.13-c9
44 error command "/home/ubuntu/.nvm/v0.10.35/bin/node" "/home/ubuntu/.nvm/v0.10.35/bin/npm" "publish" "./"
45 error cwd /home/ubuntu/workspace/Lecture 3.04/calculator
46 error node -v v0.10.35
47 error npm -v 1.4.28
48 verbose exit [ 1, true ]
